<?xml version="1.0" encoding="UTF-8"?>
<!-- Generated by org.testng.reporters.JUnitXMLReporter -->
<testsuite ignored="2" hostname="LAPTOP-KFVL9Q09" failures="0" tests="2" name="Testconfig" time="9.624" errors="0" timestamp="2025-06-28T07:56:12 IST">
  <testcase classname="script.Test1" name="testA" time="1.075"/>
  <testcase classname="script.Test2" name="testB" time="0.007"/>
  <testcase classname="generic.BaseTest" name="@BeforeSuite createReport" time="0.0">
    <ignored/>
  </testcase> <!-- @BeforeSuite createReport -->
  <testcase classname="generic.BaseTest" name="@AfterSuite generateReport" time="0.0">
    <ignored/>
  </testcase> <!-- @AfterSuite generateReport -->
</testsuite> <!-- Testconfig -->
