<?xml version="1.0" encoding="UTF-8"?>
<!-- Generated by org.testng.reporters.JUnitXMLReporter -->
<testsuite ignored="1" hostname="LAPTOP-KFVL9Q09" failures="1" tests="2" name="Test" time="50.264" errors="0" timestamp="2025-07-20T17:24:40 IST">
  <testcase classname="script.LoginPageTest" name="verifyLoginPageTitle" time="3.374"/>
  <testcase classname="script.VerifyUserTest" name="verifyAdminUserIsPresent" time="3.429">
    <failure type="java.lang.RuntimeException" message="Unable to load object repository file">
      <![CDATA[java.lang.RuntimeException: Unable to load object repository file
at page.AdminPage.<init>(AdminPage.java:22)
at script.VerifyUserTest.verifyAdminUserIsPresent(VerifyUserTest.java:20)
at java.base/java.util.ArrayList.forEach(ArrayList.java:1511)
Caused by: java.io.FileNotFoundException: src\test\resources\objectrepo.properties (The system cannot find the path specified)
at java.base/java.io.FileInputStream.open0(Native Method)
at java.base/java.io.FileInputStream.open(FileInputStream.java:216)
at java.base/java.io.FileInputStream.<init>(FileInputStream.java:157)
at java.base/java.io.FileInputStream.<init>(FileInputStream.java:111)
at page.AdminPage.<init>(AdminPage.java:19)
... 29 more
... Removed 27 stack frames]]>
    </failure>
  </testcase> <!-- verifyAdminUserIsPresent -->
  <testcase classname="base.BaseTest" name="@BeforeSuite beforeSuite" time="0.0">
    <ignored/>
  </testcase> <!-- @BeforeSuite beforeSuite -->
</testsuite> <!-- Test -->
