<?xml version="1.0" encoding="UTF-8"?>
<testng-results ignored="0" total="1" passed="1" failed="0" skipped="0">
  <reporter-output>
  </reporter-output>
  <suite started-at="2025-07-09T12:59:16 IST" name="Default suite" finished-at="2025-07-09T12:59:20 IST" duration-ms="3943">
    <groups>
      <group name="regression">
        <method signature="ValidLogin.testValidLogin()[pri:0, instance:script.ValidLogin@74589991]" name="testValidLogin" class="script.ValidLogin"/>
      </group> <!-- regression -->
    </groups>
    <test started-at="2025-07-09T12:59:16 IST" name="Default test" finished-at="2025-07-09T12:59:20 IST" duration-ms="3943">
      <class name="script.ValidLogin">
        <test-method is-config="true" signature="createReport(java.lang.String)[pri:0, instance:script.ValidLogin@74589991]" started-at="2025-07-09T12:59:10 IST" name="createReport" finished-at="2025-07-09T12:59:16 IST" duration-ms="5493" status="PASS">
          <params>
            <param index="0">
              <value>
                <![CDATA[config.properties]]>
              </value>
            </param>
          </params>
          <reporter-output>
          </reporter-output>
        </test-method> <!-- createReport -->
        <test-method is-config="true" signature="preCondition(java.lang.reflect.Method,java.lang.String)[pri:0, instance:script.ValidLogin@74589991]" started-at="2025-07-09T12:59:16 IST" name="preCondition" finished-at="2025-07-09T12:59:17 IST" duration-ms="1366" status="PASS">
          <params>
            <param index="0">
              <value>
                <![CDATA[public void script.ValidLogin.testValidLogin()]]>
              </value>
            </param>
            <param index="1">
              <value>
                <![CDATA[config.properties]]>
              </value>
            </param>
          </params>
          <reporter-output>
          </reporter-output>
        </test-method> <!-- preCondition -->
        <test-method signature="testValidLogin()[pri:0, instance:script.ValidLogin@74589991]" started-at="2025-07-09T12:59:17 IST" name="testValidLogin" finished-at="2025-07-09T12:59:19 IST" duration-ms="2073" status="PASS">
          <reporter-output>
          </reporter-output>
        </test-method> <!-- testValidLogin -->
        <test-method is-config="true" signature="postCondition(org.testng.ITestResult)[pri:0, instance:script.ValidLogin@74589991]" started-at="2025-07-09T12:59:19 IST" name="postCondition" finished-at="2025-07-09T12:59:20 IST" duration-ms="312" status="PASS">
          <params>
            <param index="0">
              <value>
                <![CDATA[[TestResult name=testValidLogin status=SUCCESS method=ValidLogin.testValidLogin()[pri:0, instance:script.ValidLogin@74589991] output={null}]]]>
              </value>
            </param>
          </params>
          <reporter-output>
          </reporter-output>
        </test-method> <!-- postCondition -->
        <test-method is-config="true" signature="generateReport()[pri:0, instance:script.ValidLogin@74589991]" started-at="2025-07-09T12:59:20 IST" name="generateReport" finished-at="2025-07-09T12:59:20 IST" duration-ms="346" status="PASS">
          <reporter-output>
          </reporter-output>
        </test-method> <!-- generateReport -->
      </class> <!-- script.ValidLogin -->
    </test> <!-- Default test -->
  </suite> <!-- Default suite -->
</testng-results>
